This file contains any messages produced by compilers while
running configure, to aid debugging if configure makes a mistake.

It was created by FULL-PACKAGE-NAME configure VERSION, which was
generated by GNU Autoconf 2.61.  Invocation command line was

  $ ./configure --no-create --no-recursion

## --------- ##
## Platform. ##
## --------- ##

hostname = localhost
uname -m = i386
uname -r = 10.2.0
uname -s = Darwin
uname -v = Darwin Kernel Version 10.2.0: Tue Nov  3 10:37:10 PST 2009; root:xnu-1486.2.11~1/RELEASE_I386

/usr/bin/uname -p = i386
/bin/uname -X     = unknown

/bin/arch              = unknown
/usr/bin/arch -k       = unknown
/usr/convex/getsysinfo = unknown
/usr/bin/hostinfo      = Mach kernel version:
	 Darwin Kernel Version 10.2.0: Tue Nov  3 10:37:10 PST 2009; root:xnu-1486.2.11~1/RELEASE_I386
Kernel configured for up to 2 processors.
2 processors are physically available.
2 processors are logically available.
Processor type: i486 (Intel 80486)
Processors active: 0 1
Primary memory available: 8.00 gigabytes
Default processor set: 105 tasks, 466 threads, 2 processors
Load average: 1.77, Mach factor: 0.46
/bin/machine           = unknown
/usr/bin/oslevel       = unknown
/bin/universe          = unknown

PATH: /opt/local/bin
PATH: /opt/local/sbin
PATH: /usr/local/cuda/bin
PATH: /usr/local/bin
PATH: /usr/local/lib
PATH: /usr/bin
PATH: /bin
PATH: /usr/sbin
PATH: /sbin
PATH: /usr/local/bin
PATH: /usr/local/git/bin
PATH: /usr/X11/bin


## ----------- ##
## Core tests. ##
## ----------- ##

configure:1780: checking for a BSD-compatible install
configure:1836: result: /usr/bin/install -c
configure:1847: checking whether build environment is sane
configure:1890: result: yes
configure:1918: checking for a thread-safe mkdir -p
configure:1957: result: ./../../install-sh -c -d
configure:1970: checking for gawk
configure:2000: result: no
configure:1970: checking for mawk
configure:2000: result: no
configure:1970: checking for nawk
configure:2000: result: no
configure:1970: checking for awk
configure:1986: found /usr/bin/awk
configure:1997: result: awk
configure:2008: checking whether make sets $(MAKE)
configure:2029: result: yes
configure:2270: checking for gcc
configure:2286: found /usr/bin/gcc
configure:2297: result: gcc
configure:2535: checking for C compiler version
configure:2542: gcc --version >&5
i686-apple-darwin10-gcc-4.2.1 (GCC) 4.2.1 (Apple Inc. build 5646) (dot 1)
Copyright (C) 2007 Free Software Foundation, Inc.
This is free software; see the source for copying conditions.  There is NO
warranty; not even for MERCHANTABILITY or FITNESS FOR A PARTICULAR PURPOSE.

configure:2545: $? = 0
configure:2552: gcc -v >&5
Using built-in specs.
Target: i686-apple-darwin10
Configured with: /var/tmp/gcc/gcc-5646.1~2/src/configure --disable-checking --enable-werror --prefix=/usr --mandir=/share/man --enable-languages=c,objc,c++,obj-c++ --program-transform-name=/^[cg][^.-]*$/s/$/-4.2/ --with-slibdir=/usr/lib --build=i686-apple-darwin10 --with-gxx-include-dir=/include/c++/4.2.1 --program-prefix=i686-apple-darwin10- --host=x86_64-apple-darwin10 --target=i686-apple-darwin10
Thread model: posix
gcc version 4.2.1 (Apple Inc. build 5646) (dot 1)
configure:2555: $? = 0
configure:2562: gcc -V >&5
gcc-4.2: argument to `-V' is missing
configure:2565: $? = 1
configure:2588: checking for C compiler default output file name
configure:2615: gcc    conftest.c  >&5
configure:2618: $? = 0
configure:2656: result: a.out
configure:2673: checking whether the C compiler works
configure:2683: ./a.out
configure:2686: $? = 0
configure:2703: result: yes
configure:2710: checking whether we are cross compiling
configure:2712: result: no
configure:2715: checking for suffix of executables
configure:2722: gcc -o conftest    conftest.c  >&5
configure:2725: $? = 0
configure:2749: result: 
configure:2755: checking for suffix of object files
configure:2781: gcc -c   conftest.c >&5
configure:2784: $? = 0
configure:2807: result: o
configure:2811: checking whether we are using the GNU C compiler
configure:2840: gcc -c   conftest.c >&5
configure:2846: $? = 0
configure:2863: result: yes
configure:2868: checking whether gcc accepts -g
configure:2898: gcc -c -g  conftest.c >&5
configure:2904: $? = 0
configure:3003: result: yes
configure:3020: checking for gcc option to accept ISO C89
configure:3094: gcc  -c -g -O2  conftest.c >&5
configure:3100: $? = 0
configure:3123: result: none needed
configure:3152: checking for style of include used by make
configure:3180: result: GNU
configure:3205: checking dependency style of gcc
configure:3296: result: gcc3
configure:3354: checking for ranlib
configure:3370: found /usr/bin/ranlib
configure:3381: result: ranlib
configure:3417: checking how to run the C preprocessor
configure:3457: gcc -E  conftest.c
configure:3463: $? = 0
configure:3494: gcc -E  conftest.c
conftest.c:10:28: error: ac_nonexistent.h: No such file or directory
configure:3500: $? = 1
configure: failed program was:
| /* confdefs.h.  */
| #define PACKAGE_NAME "FULL-PACKAGE-NAME"
| #define PACKAGE_TARNAME "full-package-name"
| #define PACKAGE_VERSION "VERSION"
| #define PACKAGE_STRING "FULL-PACKAGE-NAME VERSION"
| #define PACKAGE_BUGREPORT "BUG-REPORT-ADDRESS"
| #define PACKAGE "clearsilver"
| #define VERSION "0.1.0"
| /* end confdefs.h.  */
| #include <ac_nonexistent.h>
configure:3533: result: gcc -E
configure:3562: gcc -E  conftest.c
configure:3568: $? = 0
configure:3599: gcc -E  conftest.c
conftest.c:10:28: error: ac_nonexistent.h: No such file or directory
configure:3605: $? = 1
configure: failed program was:
| /* confdefs.h.  */
| #define PACKAGE_NAME "FULL-PACKAGE-NAME"
| #define PACKAGE_TARNAME "full-package-name"
| #define PACKAGE_VERSION "VERSION"
| #define PACKAGE_STRING "FULL-PACKAGE-NAME VERSION"
| #define PACKAGE_BUGREPORT "BUG-REPORT-ADDRESS"
| #define PACKAGE "clearsilver"
| #define VERSION "0.1.0"
| /* end confdefs.h.  */
| #include <ac_nonexistent.h>
configure:3643: checking for grep that handles long lines and -e
configure:3717: result: /usr/bin/grep
configure:3722: checking for egrep
configure:3800: result: /usr/bin/grep -E
configure:3805: checking for ANSI C header files
configure:3835: gcc -c -g -O2  conftest.c >&5
configure:3841: $? = 0
configure:3940: gcc -o conftest -g -O2   conftest.c  >&5
configure:3943: $? = 0
configure:3949: ./conftest
configure:3952: $? = 0
configure:3969: result: yes
configure:3993: checking for sys/types.h
configure:4014: gcc -c -g -O2  conftest.c >&5
configure:4020: $? = 0
configure:4036: result: yes
configure:3993: checking for sys/stat.h
configure:4014: gcc -c -g -O2  conftest.c >&5
configure:4020: $? = 0
configure:4036: result: yes
configure:3993: checking for stdlib.h
configure:4014: gcc -c -g -O2  conftest.c >&5
configure:4020: $? = 0
configure:4036: result: yes
configure:3993: checking for string.h
configure:4014: gcc -c -g -O2  conftest.c >&5
configure:4020: $? = 0
configure:4036: result: yes
configure:3993: checking for memory.h
configure:4014: gcc -c -g -O2  conftest.c >&5
configure:4020: $? = 0
configure:4036: result: yes
configure:3993: checking for strings.h
configure:4014: gcc -c -g -O2  conftest.c >&5
configure:4020: $? = 0
configure:4036: result: yes
configure:3993: checking for inttypes.h
configure:4014: gcc -c -g -O2  conftest.c >&5
configure:4020: $? = 0
configure:4036: result: yes
configure:3993: checking for stdint.h
configure:4014: gcc -c -g -O2  conftest.c >&5
configure:4020: $? = 0
configure:4036: result: yes
configure:3993: checking for unistd.h
configure:4014: gcc -c -g -O2  conftest.c >&5
configure:4020: $? = 0
configure:4036: result: yes
configure:4050: checking for working alloca.h
configure:4077: gcc -o conftest -g -O2   conftest.c  >&5
configure:4083: $? = 0
configure:4100: result: yes
configure:4110: checking for alloca
configure:4157: gcc -o conftest -g -O2   conftest.c  >&5
configure:4163: $? = 0
configure:4180: result: yes
configure:4415: checking for dirent.h that defines DIR
configure:4444: gcc -c -g -O2  conftest.c >&5
configure:4450: $? = 0
configure:4466: result: yes
configure:4479: checking for library containing opendir
configure:4520: gcc -o conftest -g -O2   conftest.c  >&5
configure:4526: $? = 0
configure:4554: result: none required
configure:4648: checking for ANSI C header files
configure:4812: result: yes
configure:4822: checking for sys/wait.h that is POSIX.1 compatible
configure:4858: gcc -c -g -O2  conftest.c >&5
configure:4864: $? = 0
configure:4879: result: yes
configure:4915: checking fcntl.h usability
configure:4932: gcc -c -g -O2  conftest.c >&5
configure:4938: $? = 0
configure:4952: result: yes
configure:4956: checking fcntl.h presence
configure:4971: gcc -E  conftest.c
configure:4977: $? = 0
configure:4991: result: yes
configure:5024: checking for fcntl.h
configure:5032: result: yes
configure:4915: checking libintl.h usability
configure:4932: gcc -c -g -O2  conftest.c >&5
conftest.c:59:21: error: libintl.h: No such file or directory
configure:4938: $? = 1
configure: failed program was:
| /* confdefs.h.  */
| #define PACKAGE_NAME "FULL-PACKAGE-NAME"
| #define PACKAGE_TARNAME "full-package-name"
| #define PACKAGE_VERSION "VERSION"
| #define PACKAGE_STRING "FULL-PACKAGE-NAME VERSION"
| #define PACKAGE_BUGREPORT "BUG-REPORT-ADDRESS"
| #define PACKAGE "clearsilver"
| #define VERSION "0.1.0"
| #define STDC_HEADERS 1
| #define HAVE_SYS_TYPES_H 1
| #define HAVE_SYS_STAT_H 1
| #define HAVE_STDLIB_H 1
| #define HAVE_STRING_H 1
| #define HAVE_MEMORY_H 1
| #define HAVE_STRINGS_H 1
| #define HAVE_INTTYPES_H 1
| #define HAVE_STDINT_H 1
| #define HAVE_UNISTD_H 1
| #define HAVE_ALLOCA_H 1
| #define HAVE_ALLOCA 1
| #define HAVE_DIRENT_H 1
| #define STDC_HEADERS 1
| #define HAVE_SYS_WAIT_H 1
| #define HAVE_FCNTL_H 1
| /* end confdefs.h.  */
| #include <stdio.h>
| #ifdef HAVE_SYS_TYPES_H
| # include <sys/types.h>
| #endif
| #ifdef HAVE_SYS_STAT_H
| # include <sys/stat.h>
| #endif
| #ifdef STDC_HEADERS
| # include <stdlib.h>
| # include <stddef.h>
| #else
| # ifdef HAVE_STDLIB_H
| #  include <stdlib.h>
| # endif
| #endif
| #ifdef HAVE_STRING_H
| # if !defined STDC_HEADERS && defined HAVE_MEMORY_H
| #  include <memory.h>
| # endif
| # include <string.h>
| #endif
| #ifdef HAVE_STRINGS_H
| # include <strings.h>
| #endif
| #ifdef HAVE_INTTYPES_H
| # include <inttypes.h>
| #endif
| #ifdef HAVE_STDINT_H
| # include <stdint.h>
| #endif
| #ifdef HAVE_UNISTD_H
| # include <unistd.h>
| #endif
| #include <libintl.h>
configure:4952: result: no
configure:4956: checking libintl.h presence
configure:4971: gcc -E  conftest.c
conftest.c:26:21: error: libintl.h: No such file or directory
configure:4977: $? = 1
configure: failed program was:
| /* confdefs.h.  */
| #define PACKAGE_NAME "FULL-PACKAGE-NAME"
| #define PACKAGE_TARNAME "full-package-name"
| #define PACKAGE_VERSION "VERSION"
| #define PACKAGE_STRING "FULL-PACKAGE-NAME VERSION"
| #define PACKAGE_BUGREPORT "BUG-REPORT-ADDRESS"
| #define PACKAGE "clearsilver"
| #define VERSION "0.1.0"
| #define STDC_HEADERS 1
| #define HAVE_SYS_TYPES_H 1
| #define HAVE_SYS_STAT_H 1
| #define HAVE_STDLIB_H 1
| #define HAVE_STRING_H 1
| #define HAVE_MEMORY_H 1
| #define HAVE_STRINGS_H 1
| #define HAVE_INTTYPES_H 1
| #define HAVE_STDINT_H 1
| #define HAVE_UNISTD_H 1
| #define HAVE_ALLOCA_H 1
| #define HAVE_ALLOCA 1
| #define HAVE_DIRENT_H 1
| #define STDC_HEADERS 1
| #define HAVE_SYS_WAIT_H 1
| #define HAVE_FCNTL_H 1
| /* end confdefs.h.  */
| #include <libintl.h>
configure:4991: result: no
configure:5024: checking for libintl.h
configure:5032: result: no
configure:4915: checking limits.h usability
configure:4932: gcc -c -g -O2  conftest.c >&5
configure:4938: $? = 0
configure:4952: result: yes
configure:4956: checking limits.h presence
configure:4971: gcc -E  conftest.c
configure:4977: $? = 0
configure:4991: result: yes
configure:5024: checking for limits.h
configure:5032: result: yes
configure:4915: checking netdb.h usability
configure:4932: gcc -c -g -O2  conftest.c >&5
configure:4938: $? = 0
configure:4952: result: yes
configure:4956: checking netdb.h presence
configure:4971: gcc -E  conftest.c
configure:4977: $? = 0
configure:4991: result: yes
configure:5024: checking for netdb.h
configure:5032: result: yes
configure:4915: checking netinet/in.h usability
configure:4932: gcc -c -g -O2  conftest.c >&5
configure:4938: $? = 0
configure:4952: result: yes
configure:4956: checking netinet/in.h presence
configure:4971: gcc -E  conftest.c
configure:4977: $? = 0
configure:4991: result: yes
configure:5024: checking for netinet/in.h
configure:5032: result: yes
configure:4915: checking stddef.h usability
configure:4932: gcc -c -g -O2  conftest.c >&5
configure:4938: $? = 0
configure:4952: result: yes
configure:4956: checking stddef.h presence
configure:4971: gcc -E  conftest.c
configure:4977: $? = 0
configure:4991: result: yes
configure:5024: checking for stddef.h
configure:5032: result: yes
configure:4905: checking for stdlib.h
configure:4911: result: yes
configure:4905: checking for string.h
configure:4911: result: yes
configure:4905: checking for strings.h
configure:4911: result: yes
configure:4915: checking sys/socket.h usability
configure:4932: gcc -c -g -O2  conftest.c >&5
configure:4938: $? = 0
configure:4952: result: yes
configure:4956: checking sys/socket.h presence
configure:4971: gcc -E  conftest.c
configure:4977: $? = 0
configure:4991: result: yes
configure:5024: checking for sys/socket.h
configure:5032: result: yes
configure:4915: checking sys/time.h usability
configure:4932: gcc -c -g -O2  conftest.c >&5
configure:4938: $? = 0
configure:4952: result: yes
configure:4956: checking sys/time.h presence
configure:4971: gcc -E  conftest.c
configure:4977: $? = 0
configure:4991: result: yes
configure:5024: checking for sys/time.h
configure:5032: result: yes
configure:4905: checking for unistd.h
configure:4911: result: yes
configure:5047: checking for an ANSI C-conforming const
configure:5122: gcc -c -g -O2  conftest.c >&5
configure:5128: $? = 0
configure:5143: result: yes
configure:5153: checking for stdbool.h that conforms to C99
configure:5246: gcc -c -g -O2  conftest.c >&5
configure:5252: $? = 0
configure:5267: result: yes
configure:5269: checking for _Bool
configure:5299: gcc -c -g -O2  conftest.c >&5
configure:5305: $? = 0
configure:5320: result: yes
configure:5339: checking for mode_t
configure:5369: gcc -c -g -O2  conftest.c >&5
configure:5375: $? = 0
configure:5390: result: yes
configure:5402: checking for pid_t
configure:5432: gcc -c -g -O2  conftest.c >&5
configure:5438: $? = 0
configure:5453: result: yes
configure:5465: checking for size_t
configure:5495: gcc -c -g -O2  conftest.c >&5
configure:5501: $? = 0
configure:5516: result: yes
configure:5528: checking whether time.h and sys/time.h may both be included
configure:5558: gcc -c -g -O2  conftest.c >&5
configure:5564: $? = 0
configure:5579: result: yes
configure:5589: checking whether struct tm is in sys/time.h or time.h
configure:5619: gcc -c -g -O2  conftest.c >&5
configure:5625: $? = 0
configure:5640: result: time.h
configure:5652: checking whether closedir returns void
configure:5686: gcc -o conftest -g -O2   conftest.c  >&5
configure:5689: $? = 0
configure:5695: ./conftest
configure:5698: $? = 0
configure:5714: result: no
configure:5739: checking vfork.h usability
configure:5756: gcc -c -g -O2  conftest.c >&5
conftest.c:72:19: error: vfork.h: No such file or directory
configure:5762: $? = 1
configure: failed program was:
| /* confdefs.h.  */
| #define PACKAGE_NAME "FULL-PACKAGE-NAME"
| #define PACKAGE_TARNAME "full-package-name"
| #define PACKAGE_VERSION "VERSION"
| #define PACKAGE_STRING "FULL-PACKAGE-NAME VERSION"
| #define PACKAGE_BUGREPORT "BUG-REPORT-ADDRESS"
| #define PACKAGE "clearsilver"
| #define VERSION "0.1.0"
| #define STDC_HEADERS 1
| #define HAVE_SYS_TYPES_H 1
| #define HAVE_SYS_STAT_H 1
| #define HAVE_STDLIB_H 1
| #define HAVE_STRING_H 1
| #define HAVE_MEMORY_H 1
| #define HAVE_STRINGS_H 1
| #define HAVE_INTTYPES_H 1
| #define HAVE_STDINT_H 1
| #define HAVE_UNISTD_H 1
| #define HAVE_ALLOCA_H 1
| #define HAVE_ALLOCA 1
| #define HAVE_DIRENT_H 1
| #define STDC_HEADERS 1
| #define HAVE_SYS_WAIT_H 1
| #define HAVE_FCNTL_H 1
| #define HAVE_LIMITS_H 1
| #define HAVE_NETDB_H 1
| #define HAVE_NETINET_IN_H 1
| #define HAVE_STDDEF_H 1
| #define HAVE_STDLIB_H 1
| #define HAVE_STRING_H 1
| #define HAVE_STRINGS_H 1
| #define HAVE_SYS_SOCKET_H 1
| #define HAVE_SYS_TIME_H 1
| #define HAVE_UNISTD_H 1
| #define HAVE__BOOL 1
| #define HAVE_STDBOOL_H 1
| #define TIME_WITH_SYS_TIME 1
| /* end confdefs.h.  */
| #include <stdio.h>
| #ifdef HAVE_SYS_TYPES_H
| # include <sys/types.h>
| #endif
| #ifdef HAVE_SYS_STAT_H
| # include <sys/stat.h>
| #endif
| #ifdef STDC_HEADERS
| # include <stdlib.h>
| # include <stddef.h>
| #else
| # ifdef HAVE_STDLIB_H
| #  include <stdlib.h>
| # endif
| #endif
| #ifdef HAVE_STRING_H
| # if !defined STDC_HEADERS && defined HAVE_MEMORY_H
| #  include <memory.h>
| # endif
| # include <string.h>
| #endif
| #ifdef HAVE_STRINGS_H
| # include <strings.h>
| #endif
| #ifdef HAVE_INTTYPES_H
| # include <inttypes.h>
| #endif
| #ifdef HAVE_STDINT_H
| # include <stdint.h>
| #endif
| #ifdef HAVE_UNISTD_H
| # include <unistd.h>
| #endif
| #include <vfork.h>
configure:5776: result: no
configure:5780: checking vfork.h presence
configure:5795: gcc -E  conftest.c
conftest.c:39:19: error: vfork.h: No such file or directory
configure:5801: $? = 1
configure: failed program was:
| /* confdefs.h.  */
| #define PACKAGE_NAME "FULL-PACKAGE-NAME"
| #define PACKAGE_TARNAME "full-package-name"
| #define PACKAGE_VERSION "VERSION"
| #define PACKAGE_STRING "FULL-PACKAGE-NAME VERSION"
| #define PACKAGE_BUGREPORT "BUG-REPORT-ADDRESS"
| #define PACKAGE "clearsilver"
| #define VERSION "0.1.0"
| #define STDC_HEADERS 1
| #define HAVE_SYS_TYPES_H 1
| #define HAVE_SYS_STAT_H 1
| #define HAVE_STDLIB_H 1
| #define HAVE_STRING_H 1
| #define HAVE_MEMORY_H 1
| #define HAVE_STRINGS_H 1
| #define HAVE_INTTYPES_H 1
| #define HAVE_STDINT_H 1
| #define HAVE_UNISTD_H 1
| #define HAVE_ALLOCA_H 1
| #define HAVE_ALLOCA 1
| #define HAVE_DIRENT_H 1
| #define STDC_HEADERS 1
| #define HAVE_SYS_WAIT_H 1
| #define HAVE_FCNTL_H 1
| #define HAVE_LIMITS_H 1
| #define HAVE_NETDB_H 1
| #define HAVE_NETINET_IN_H 1
| #define HAVE_STDDEF_H 1
| #define HAVE_STDLIB_H 1
| #define HAVE_STRING_H 1
| #define HAVE_STRINGS_H 1
| #define HAVE_SYS_SOCKET_H 1
| #define HAVE_SYS_TIME_H 1
| #define HAVE_UNISTD_H 1
| #define HAVE__BOOL 1
| #define HAVE_STDBOOL_H 1
| #define TIME_WITH_SYS_TIME 1
| /* end confdefs.h.  */
| #include <vfork.h>
configure:5815: result: no
configure:5848: checking for vfork.h
configure:5856: result: no
configure:5874: checking for fork
configure:5930: gcc -o conftest -g -O2   conftest.c  >&5
conftest.c:62: warning: conflicting types for built-in function 'fork'
configure:5936: $? = 0
configure:5954: result: yes
configure:5874: checking for vfork
configure:5930: gcc -o conftest -g -O2   conftest.c  >&5
configure:5936: $? = 0
configure:5954: result: yes
configure:5965: checking for working fork
configure:5997: gcc -o conftest -g -O2   conftest.c  >&5
configure:6000: $? = 0
configure:6006: ./conftest
configure:6009: $? = 0
configure:6025: result: yes
configure:6046: checking for working vfork
configure:6184: result: yes
configure:6220: checking for stdlib.h
configure:6226: result: yes
configure:6360: checking for GNU libc compatible malloc
configure:6394: gcc -o conftest -g -O2   conftest.c  >&5
configure:6397: $? = 0
configure:6403: ./conftest
configure:6406: $? = 0
configure:6422: result: yes
configure:6458: checking for sys/time.h
configure:6464: result: yes
configure:6458: checking for unistd.h
configure:6464: result: yes
configure:6609: checking for alarm
configure:6665: gcc -o conftest -g -O2   conftest.c  >&5
configure:6671: $? = 0
configure:6689: result: yes
configure:6715: checking for working mktime
configure:6924: gcc -o conftest -g -O2   conftest.c  >&5
configure:6927: $? = 0
configure:6933: ./conftest
configure:6936: $? = 1
configure: program exited with status 1
configure: failed program was:
| /* confdefs.h.  */
| #define PACKAGE_NAME "FULL-PACKAGE-NAME"
| #define PACKAGE_TARNAME "full-package-name"
| #define PACKAGE_VERSION "VERSION"
| #define PACKAGE_STRING "FULL-PACKAGE-NAME VERSION"
| #define PACKAGE_BUGREPORT "BUG-REPORT-ADDRESS"
| #define PACKAGE "clearsilver"
| #define VERSION "0.1.0"
| #define STDC_HEADERS 1
| #define HAVE_SYS_TYPES_H 1
| #define HAVE_SYS_STAT_H 1
| #define HAVE_STDLIB_H 1
| #define HAVE_STRING_H 1
| #define HAVE_MEMORY_H 1
| #define HAVE_STRINGS_H 1
| #define HAVE_INTTYPES_H 1
| #define HAVE_STDINT_H 1
| #define HAVE_UNISTD_H 1
| #define HAVE_ALLOCA_H 1
| #define HAVE_ALLOCA 1
| #define HAVE_DIRENT_H 1
| #define STDC_HEADERS 1
| #define HAVE_SYS_WAIT_H 1
| #define HAVE_FCNTL_H 1
| #define HAVE_LIMITS_H 1
| #define HAVE_NETDB_H 1
| #define HAVE_NETINET_IN_H 1
| #define HAVE_STDDEF_H 1
| #define HAVE_STDLIB_H 1
| #define HAVE_STRING_H 1
| #define HAVE_STRINGS_H 1
| #define HAVE_SYS_SOCKET_H 1
| #define HAVE_SYS_TIME_H 1
| #define HAVE_UNISTD_H 1
| #define HAVE__BOOL 1
| #define HAVE_STDBOOL_H 1
| #define TIME_WITH_SYS_TIME 1
| #define HAVE_FORK 1
| #define HAVE_VFORK 1
| #define HAVE_WORKING_VFORK 1
| #define HAVE_WORKING_FORK 1
| #define HAVE_STDLIB_H 1
| #define HAVE_MALLOC 1
| #define HAVE_SYS_TIME_H 1
| #define HAVE_UNISTD_H 1
| #define HAVE_ALARM 1
| /* end confdefs.h.  */
| /* Test program from Paul Eggert and Tony Leneis.  */
| #ifdef TIME_WITH_SYS_TIME
| # include <sys/time.h>
| # include <time.h>
| #else
| # ifdef HAVE_SYS_TIME_H
| #  include <sys/time.h>
| # else
| #  include <time.h>
| # endif
| #endif
| 
| #include <stdlib.h>
| 
| #ifdef HAVE_UNISTD_H
| # include <unistd.h>
| #endif
| 
| #ifndef HAVE_ALARM
| # define alarm(X) /* empty */
| #endif
| 
| /* Work around redefinition to rpl_putenv by other config tests.  */
| #undef putenv
| 
| static time_t time_t_max;
| static time_t time_t_min;
| 
| /* Values we'll use to set the TZ environment variable.  */
| static char *tz_strings[] = {
|   (char *) 0, "TZ=GMT0", "TZ=JST-9",
|   "TZ=EST+3EDT+2,M10.1.0/00:00:00,M2.3.0/00:00:00"
| };
| #define N_STRINGS (sizeof (tz_strings) / sizeof (tz_strings[0]))
| 
| /* Return 0 if mktime fails to convert a date in the spring-forward gap.
|    Based on a problem report from Andreas Jaeger.  */
| static int
| spring_forward_gap ()
| {
|   /* glibc (up to about 1998-10-07) failed this test. */
|   struct tm tm;
| 
|   /* Use the portable POSIX.1 specification "TZ=PST8PDT,M4.1.0,M10.5.0"
|      instead of "TZ=America/Vancouver" in order to detect the bug even
|      on systems that don't support the Olson extension, or don't have the
|      full zoneinfo tables installed.  */
|   putenv ("TZ=PST8PDT,M4.1.0,M10.5.0");
| 
|   tm.tm_year = 98;
|   tm.tm_mon = 3;
|   tm.tm_mday = 5;
|   tm.tm_hour = 2;
|   tm.tm_min = 0;
|   tm.tm_sec = 0;
|   tm.tm_isdst = -1;
|   return mktime (&tm) != (time_t) -1;
| }
| 
| static int
| mktime_test1 (now)
|      time_t now;
| {
|   struct tm *lt;
|   return ! (lt = localtime (&now)) || mktime (lt) == now;
| }
| 
| static int
| mktime_test (now)
|      time_t now;
| {
|   return (mktime_test1 (now)
| 	  && mktime_test1 ((time_t) (time_t_max - now))
| 	  && mktime_test1 ((time_t) (time_t_min + now)));
| }
| 
| static int
| irix_6_4_bug ()
| {
|   /* Based on code from Ariel Faigon.  */
|   struct tm tm;
|   tm.tm_year = 96;
|   tm.tm_mon = 3;
|   tm.tm_mday = 0;
|   tm.tm_hour = 0;
|   tm.tm_min = 0;
|   tm.tm_sec = 0;
|   tm.tm_isdst = -1;
|   mktime (&tm);
|   return tm.tm_mon == 2 && tm.tm_mday == 31;
| }
| 
| static int
| bigtime_test (j)
|      int j;
| {
|   struct tm tm;
|   time_t now;
|   tm.tm_year = tm.tm_mon = tm.tm_mday = tm.tm_hour = tm.tm_min = tm.tm_sec = j;
|   now = mktime (&tm);
|   if (now != (time_t) -1)
|     {
|       struct tm *lt = localtime (&now);
|       if (! (lt
| 	     && lt->tm_year == tm.tm_year
| 	     && lt->tm_mon == tm.tm_mon
| 	     && lt->tm_mday == tm.tm_mday
| 	     && lt->tm_hour == tm.tm_hour
| 	     && lt->tm_min == tm.tm_min
| 	     && lt->tm_sec == tm.tm_sec
| 	     && lt->tm_yday == tm.tm_yday
| 	     && lt->tm_wday == tm.tm_wday
| 	     && ((lt->tm_isdst < 0 ? -1 : 0 < lt->tm_isdst)
| 		  == (tm.tm_isdst < 0 ? -1 : 0 < tm.tm_isdst))))
| 	return 0;
|     }
|   return 1;
| }
| 
| static int
| year_2050_test ()
| {
|   /* The correct answer for 2050-02-01 00:00:00 in Pacific time,
|      ignoring leap seconds.  */
|   unsigned long int answer = 2527315200UL;
| 
|   struct tm tm;
|   time_t t;
|   tm.tm_year = 2050 - 1900;
|   tm.tm_mon = 2 - 1;
|   tm.tm_mday = 1;
|   tm.tm_hour = tm.tm_min = tm.tm_sec = 0;
|   tm.tm_isdst = -1;
| 
|   /* Use the portable POSIX.1 specification "TZ=PST8PDT,M4.1.0,M10.5.0"
|      instead of "TZ=America/Vancouver" in order to detect the bug even
|      on systems that don't support the Olson extension, or don't have the
|      full zoneinfo tables installed.  */
|   putenv ("TZ=PST8PDT,M4.1.0,M10.5.0");
| 
|   t = mktime (&tm);
| 
|   /* Check that the result is either a failure, or close enough
|      to the correct answer that we can assume the discrepancy is
|      due to leap seconds.  */
|   return (t == (time_t) -1
| 	  || (0 < t && answer - 120 <= t && t <= answer + 120));
| }
| 
| int
| main ()
| {
|   time_t t, delta;
|   int i, j;
| 
|   /* This test makes some buggy mktime implementations loop.
|      Give up after 60 seconds; a mktime slower than that
|      isn't worth using anyway.  */
|   alarm (60);
| 
|   for (time_t_max = 1; 0 < time_t_max; time_t_max *= 2)
|     continue;
|   time_t_max--;
|   if ((time_t) -1 < 0)
|     for (time_t_min = -1; (time_t) (time_t_min * 2) < 0; time_t_min *= 2)
|       continue;
|   delta = time_t_max / 997; /* a suitable prime number */
|   for (i = 0; i < N_STRINGS; i++)
|     {
|       if (tz_strings[i])
| 	putenv (tz_strings[i]);
| 
|       for (t = 0; t <= time_t_max - delta; t += delta)
| 	if (! mktime_test (t))
| 	  return 1;
|       if (! (mktime_test ((time_t) 1)
| 	     && mktime_test ((time_t) (60 * 60))
| 	     && mktime_test ((time_t) (60 * 60 * 24))))
| 	return 1;
| 
|       for (j = 1; 0 < j; j *= 2)
| 	if (! bigtime_test (j))
| 	  return 1;
|       if (! bigtime_test (j - 1))
| 	return 1;
|     }
|   return ! (irix_6_4_bug () && spring_forward_gap () && year_2050_test ());
| }
configure:6952: result: no
configure:6968: checking for stdlib.h
configure:6974: result: yes
configure:7108: checking for GNU libc compatible realloc
configure:7142: gcc -o conftest -g -O2   conftest.c  >&5
configure:7145: $? = 0
configure:7151: ./conftest
configure:7154: $? = 0
configure:7170: result: yes
configure:7214: checking sys/select.h usability
configure:7231: gcc -c -g -O2  conftest.c >&5
configure:7237: $? = 0
configure:7251: result: yes
configure:7255: checking sys/select.h presence
configure:7270: gcc -E  conftest.c
configure:7276: $? = 0
configure:7290: result: yes
configure:7323: checking for sys/select.h
configure:7331: result: yes
configure:7204: checking for sys/socket.h
configure:7210: result: yes
configure:7344: checking types of arguments for select
configure:7382: gcc -c -g -O2  conftest.c >&5
configure:7388: $? = 0
configure:7409: result: int,fd_set *,struct timeval *
configure:7432: checking whether lstat dereferences a symlink specified with a trailing slash
configure:7468: gcc -o conftest -g -O2   conftest.c  >&5
configure:7471: $? = 0
configure:7477: ./conftest
configure:7480: $? = 1
configure: program exited with status 1
configure: failed program was:
| /* confdefs.h.  */
| #define PACKAGE_NAME "FULL-PACKAGE-NAME"
| #define PACKAGE_TARNAME "full-package-name"
| #define PACKAGE_VERSION "VERSION"
| #define PACKAGE_STRING "FULL-PACKAGE-NAME VERSION"
| #define PACKAGE_BUGREPORT "BUG-REPORT-ADDRESS"
| #define PACKAGE "clearsilver"
| #define VERSION "0.1.0"
| #define STDC_HEADERS 1
| #define HAVE_SYS_TYPES_H 1
| #define HAVE_SYS_STAT_H 1
| #define HAVE_STDLIB_H 1
| #define HAVE_STRING_H 1
| #define HAVE_MEMORY_H 1
| #define HAVE_STRINGS_H 1
| #define HAVE_INTTYPES_H 1
| #define HAVE_STDINT_H 1
| #define HAVE_UNISTD_H 1
| #define HAVE_ALLOCA_H 1
| #define HAVE_ALLOCA 1
| #define HAVE_DIRENT_H 1
| #define STDC_HEADERS 1
| #define HAVE_SYS_WAIT_H 1
| #define HAVE_FCNTL_H 1
| #define HAVE_LIMITS_H 1
| #define HAVE_NETDB_H 1
| #define HAVE_NETINET_IN_H 1
| #define HAVE_STDDEF_H 1
| #define HAVE_STDLIB_H 1
| #define HAVE_STRING_H 1
| #define HAVE_STRINGS_H 1
| #define HAVE_SYS_SOCKET_H 1
| #define HAVE_SYS_TIME_H 1
| #define HAVE_UNISTD_H 1
| #define HAVE__BOOL 1
| #define HAVE_STDBOOL_H 1
| #define TIME_WITH_SYS_TIME 1
| #define HAVE_FORK 1
| #define HAVE_VFORK 1
| #define HAVE_WORKING_VFORK 1
| #define HAVE_WORKING_FORK 1
| #define HAVE_STDLIB_H 1
| #define HAVE_MALLOC 1
| #define HAVE_SYS_TIME_H 1
| #define HAVE_UNISTD_H 1
| #define HAVE_ALARM 1
| #define HAVE_STDLIB_H 1
| #define HAVE_REALLOC 1
| #define HAVE_SYS_SELECT_H 1
| #define HAVE_SYS_SOCKET_H 1
| #define SELECT_TYPE_ARG1 int
| #define SELECT_TYPE_ARG234 (fd_set *)
| #define SELECT_TYPE_ARG5 (struct timeval *)
| /* end confdefs.h.  */
| #include <stdio.h>
| #ifdef HAVE_SYS_TYPES_H
| # include <sys/types.h>
| #endif
| #ifdef HAVE_SYS_STAT_H
| # include <sys/stat.h>
| #endif
| #ifdef STDC_HEADERS
| # include <stdlib.h>
| # include <stddef.h>
| #else
| # ifdef HAVE_STDLIB_H
| #  include <stdlib.h>
| # endif
| #endif
| #ifdef HAVE_STRING_H
| # if !defined STDC_HEADERS && defined HAVE_MEMORY_H
| #  include <memory.h>
| # endif
| # include <string.h>
| #endif
| #ifdef HAVE_STRINGS_H
| # include <strings.h>
| #endif
| #ifdef HAVE_INTTYPES_H
| # include <inttypes.h>
| #endif
| #ifdef HAVE_STDINT_H
| # include <stdint.h>
| #endif
| #ifdef HAVE_UNISTD_H
| # include <unistd.h>
| #endif
| int
| main ()
| {
| struct stat sbuf;
|      /* Linux will dereference the symlink and fail.
| 	That is better in the sense that it means we will not
| 	have to compile and use the lstat wrapper.  */
|      return lstat ("conftest.sym/", &sbuf) == 0;
|   ;
|   return 0;
| }
configure:7503: result: no
configure:7522: checking whether stat accepts an empty string
configure:7552: gcc -o conftest -g -O2   conftest.c  >&5
configure:7555: $? = 0
configure:7561: ./conftest
configure:7564: $? = 0
configure:7580: result: no
configure:7600: checking for strftime
configure:7656: gcc -o conftest -g -O2   conftest.c  >&5
conftest.c:78: warning: conflicting types for built-in function 'strftime'
configure:7662: $? = 0
configure:7680: result: yes
configure:7765: checking for vprintf
configure:7821: gcc -o conftest -g -O2   conftest.c  >&5
conftest.c:79: warning: conflicting types for built-in function 'vprintf'
configure:7827: $? = 0
configure:7845: result: yes
configure:7852: checking for _doprnt
configure:7908: gcc -o conftest -g -O2   conftest.c  >&5
Undefined symbols:
  "__doprnt", referenced from:
      _main in cciw39aE.o
ld: symbol(s) not found
collect2: ld returned 1 exit status
configure:7914: $? = 1
configure: failed program was:
| /* confdefs.h.  */
| #define PACKAGE_NAME "FULL-PACKAGE-NAME"
| #define PACKAGE_TARNAME "full-package-name"
| #define PACKAGE_VERSION "VERSION"
| #define PACKAGE_STRING "FULL-PACKAGE-NAME VERSION"
| #define PACKAGE_BUGREPORT "BUG-REPORT-ADDRESS"
| #define PACKAGE "clearsilver"
| #define VERSION "0.1.0"
| #define STDC_HEADERS 1
| #define HAVE_SYS_TYPES_H 1
| #define HAVE_SYS_STAT_H 1
| #define HAVE_STDLIB_H 1
| #define HAVE_STRING_H 1
| #define HAVE_MEMORY_H 1
| #define HAVE_STRINGS_H 1
| #define HAVE_INTTYPES_H 1
| #define HAVE_STDINT_H 1
| #define HAVE_UNISTD_H 1
| #define HAVE_ALLOCA_H 1
| #define HAVE_ALLOCA 1
| #define HAVE_DIRENT_H 1
| #define STDC_HEADERS 1
| #define HAVE_SYS_WAIT_H 1
| #define HAVE_FCNTL_H 1
| #define HAVE_LIMITS_H 1
| #define HAVE_NETDB_H 1
| #define HAVE_NETINET_IN_H 1
| #define HAVE_STDDEF_H 1
| #define HAVE_STDLIB_H 1
| #define HAVE_STRING_H 1
| #define HAVE_STRINGS_H 1
| #define HAVE_SYS_SOCKET_H 1
| #define HAVE_SYS_TIME_H 1
| #define HAVE_UNISTD_H 1
| #define HAVE__BOOL 1
| #define HAVE_STDBOOL_H 1
| #define TIME_WITH_SYS_TIME 1
| #define HAVE_FORK 1
| #define HAVE_VFORK 1
| #define HAVE_WORKING_VFORK 1
| #define HAVE_WORKING_FORK 1
| #define HAVE_STDLIB_H 1
| #define HAVE_MALLOC 1
| #define HAVE_SYS_TIME_H 1
| #define HAVE_UNISTD_H 1
| #define HAVE_ALARM 1
| #define HAVE_STDLIB_H 1
| #define HAVE_REALLOC 1
| #define HAVE_SYS_SELECT_H 1
| #define HAVE_SYS_SOCKET_H 1
| #define SELECT_TYPE_ARG1 int
| #define SELECT_TYPE_ARG234 (fd_set *)
| #define SELECT_TYPE_ARG5 (struct timeval *)
| #define HAVE_STRFTIME 1
| #define HAVE_VPRINTF 1
| /* end confdefs.h.  */
| /* Define _doprnt to an innocuous variant, in case <limits.h> declares _doprnt.
|    For example, HP-UX 11i <limits.h> declares gettimeofday.  */
| #define _doprnt innocuous__doprnt
| 
| /* System header to define __stub macros and hopefully few prototypes,
|     which can conflict with char _doprnt (); below.
|     Prefer <limits.h> to <assert.h> if __STDC__ is defined, since
|     <limits.h> exists even on freestanding compilers.  */
| 
| #ifdef __STDC__
| # include <limits.h>
| #else
| # include <assert.h>
| #endif
| 
| #undef _doprnt
| 
| /* Override any GCC internal prototype to avoid an error.
|    Use char because int might match the return type of a GCC
|    builtin and then its argument prototype would still apply.  */
| #ifdef __cplusplus
| extern "C"
| #endif
| char _doprnt ();
| /* The GNU C library defines this for functions which it implements
|     to always fail with ENOSYS.  Some functions are actually named
|     something starting with __ and the normal name is an alias.  */
| #if defined __stub__doprnt || defined __stub____doprnt
| choke me
| #endif
| 
| int
| main ()
| {
| return _doprnt ();
|   ;
|   return 0;
| }
configure:7931: result: no
configure:7945: checking for wait3 that fills in rusage
configure:8001: gcc -o conftest -g -O2   conftest.c  >&5
configure:8004: $? = 0
configure:8010: ./conftest
configure:8013: $? = 0
configure:8029: result: yes
configure:8067: checking for bzero
configure:8123: gcc -o conftest -g -O2   conftest.c  >&5
conftest.c:81: warning: conflicting types for built-in function 'bzero'
configure:8129: $? = 0
configure:8147: result: yes
configure:8067: checking for dup2
configure:8123: gcc -o conftest -g -O2   conftest.c  >&5
configure:8129: $? = 0
configure:8147: result: yes
configure:8067: checking for gethostbyname
configure:8123: gcc -o conftest -g -O2   conftest.c  >&5
configure:8129: $? = 0
configure:8147: result: yes
configure:8067: checking for gettimeofday
configure:8123: gcc -o conftest -g -O2   conftest.c  >&5
configure:8129: $? = 0
configure:8147: result: yes
configure:8067: checking for localtime_r
configure:8123: gcc -o conftest -g -O2   conftest.c  >&5
configure:8129: $? = 0
configure:8147: result: yes
configure:8067: checking for memchr
configure:8123: gcc -o conftest -g -O2   conftest.c  >&5
configure:8129: $? = 0
configure:8147: result: yes
configure:8067: checking for memmove
configure:8123: gcc -o conftest -g -O2   conftest.c  >&5
conftest.c:87: warning: conflicting types for built-in function 'memmove'
configure:8129: $? = 0
configure:8147: result: yes
configure:8067: checking for memset
configure:8123: gcc -o conftest -g -O2   conftest.c  >&5
conftest.c:88: warning: conflicting types for built-in function 'memset'
configure:8129: $? = 0
configure:8147: result: yes
configure:8067: checking for mkdir
configure:8123: gcc -o conftest -g -O2   conftest.c  >&5
configure:8129: $? = 0
configure:8147: result: yes
configure:8067: checking for putenv
configure:8123: gcc -o conftest -g -O2   conftest.c  >&5
configure:8129: $? = 0
configure:8147: result: yes
configure:8067: checking for re_comp
configure:8123: gcc -o conftest -g -O2   conftest.c  >&5
Undefined symbols:
  "_re_comp", referenced from:
      _main in ccHM3umw.o
ld: symbol(s) not found
collect2: ld returned 1 exit status
configure:8129: $? = 1
configure: failed program was:
| /* confdefs.h.  */
| #define PACKAGE_NAME "FULL-PACKAGE-NAME"
| #define PACKAGE_TARNAME "full-package-name"
| #define PACKAGE_VERSION "VERSION"
| #define PACKAGE_STRING "FULL-PACKAGE-NAME VERSION"
| #define PACKAGE_BUGREPORT "BUG-REPORT-ADDRESS"
| #define PACKAGE "clearsilver"
| #define VERSION "0.1.0"
| #define STDC_HEADERS 1
| #define HAVE_SYS_TYPES_H 1
| #define HAVE_SYS_STAT_H 1
| #define HAVE_STDLIB_H 1
| #define HAVE_STRING_H 1
| #define HAVE_MEMORY_H 1
| #define HAVE_STRINGS_H 1
| #define HAVE_INTTYPES_H 1
| #define HAVE_STDINT_H 1
| #define HAVE_UNISTD_H 1
| #define HAVE_ALLOCA_H 1
| #define HAVE_ALLOCA 1
| #define HAVE_DIRENT_H 1
| #define STDC_HEADERS 1
| #define HAVE_SYS_WAIT_H 1
| #define HAVE_FCNTL_H 1
| #define HAVE_LIMITS_H 1
| #define HAVE_NETDB_H 1
| #define HAVE_NETINET_IN_H 1
| #define HAVE_STDDEF_H 1
| #define HAVE_STDLIB_H 1
| #define HAVE_STRING_H 1
| #define HAVE_STRINGS_H 1
| #define HAVE_SYS_SOCKET_H 1
| #define HAVE_SYS_TIME_H 1
| #define HAVE_UNISTD_H 1
| #define HAVE__BOOL 1
| #define HAVE_STDBOOL_H 1
| #define TIME_WITH_SYS_TIME 1
| #define HAVE_FORK 1
| #define HAVE_VFORK 1
| #define HAVE_WORKING_VFORK 1
| #define HAVE_WORKING_FORK 1
| #define HAVE_STDLIB_H 1
| #define HAVE_MALLOC 1
| #define HAVE_SYS_TIME_H 1
| #define HAVE_UNISTD_H 1
| #define HAVE_ALARM 1
| #define HAVE_STDLIB_H 1
| #define HAVE_REALLOC 1
| #define HAVE_SYS_SELECT_H 1
| #define HAVE_SYS_SOCKET_H 1
| #define SELECT_TYPE_ARG1 int
| #define SELECT_TYPE_ARG234 (fd_set *)
| #define SELECT_TYPE_ARG5 (struct timeval *)
| #define HAVE_STRFTIME 1
| #define HAVE_VPRINTF 1
| #define HAVE_WAIT3 1
| #define HAVE_BZERO 1
| #define HAVE_DUP2 1
| #define HAVE_GETHOSTBYNAME 1
| #define HAVE_GETTIMEOFDAY 1
| #define HAVE_LOCALTIME_R 1
| #define HAVE_MEMCHR 1
| #define HAVE_MEMMOVE 1
| #define HAVE_MEMSET 1
| #define HAVE_MKDIR 1
| #define HAVE_PUTENV 1
| /* end confdefs.h.  */
| /* Define re_comp to an innocuous variant, in case <limits.h> declares re_comp.
|    For example, HP-UX 11i <limits.h> declares gettimeofday.  */
| #define re_comp innocuous_re_comp
| 
| /* System header to define __stub macros and hopefully few prototypes,
|     which can conflict with char re_comp (); below.
|     Prefer <limits.h> to <assert.h> if __STDC__ is defined, since
|     <limits.h> exists even on freestanding compilers.  */
| 
| #ifdef __STDC__
| # include <limits.h>
| #else
| # include <assert.h>
| #endif
| 
| #undef re_comp
| 
| /* Override any GCC internal prototype to avoid an error.
|    Use char because int might match the return type of a GCC
|    builtin and then its argument prototype would still apply.  */
| #ifdef __cplusplus
| extern "C"
| #endif
| char re_comp ();
| /* The GNU C library defines this for functions which it implements
|     to always fail with ENOSYS.  Some functions are actually named
|     something starting with __ and the normal name is an alias.  */
| #if defined __stub_re_comp || defined __stub___re_comp
| choke me
| #endif
| 
| int
| main ()
| {
| return re_comp ();
|   ;
|   return 0;
| }
configure:8147: result: no
configure:8067: checking for regcomp
configure:8123: gcc -o conftest -g -O2   conftest.c  >&5
configure:8129: $? = 0
configure:8147: result: yes
configure:8067: checking for rmdir
configure:8123: gcc -o conftest -g -O2   conftest.c  >&5
configure:8129: $? = 0
configure:8147: result: yes
configure:8067: checking for select
configure:8123: gcc -o conftest -g -O2   conftest.c  >&5
configure:8129: $? = 0
configure:8147: result: yes
configure:8067: checking for socket
configure:8123: gcc -o conftest -g -O2   conftest.c  >&5
configure:8129: $? = 0
configure:8147: result: yes
configure:8067: checking for strchr
configure:8123: gcc -o conftest -g -O2   conftest.c  >&5
conftest.c:95: warning: conflicting types for built-in function 'strchr'
configure:8129: $? = 0
configure:8147: result: yes
configure:8067: checking for strdup
configure:8123: gcc -o conftest -g -O2   conftest.c  >&5
conftest.c:96: warning: conflicting types for built-in function 'strdup'
configure:8129: $? = 0
configure:8147: result: yes
configure:8067: checking for strerror
configure:8123: gcc -o conftest -g -O2   conftest.c  >&5
configure:8129: $? = 0
configure:8147: result: yes
configure:8067: checking for strncasecmp
configure:8123: gcc -o conftest -g -O2   conftest.c  >&5
conftest.c:98: warning: conflicting types for built-in function 'strncasecmp'
configure:8129: $? = 0
configure:8147: result: yes
configure:8067: checking for strpbrk
configure:8123: gcc -o conftest -g -O2   conftest.c  >&5
conftest.c:99: warning: conflicting types for built-in function 'strpbrk'
configure:8129: $? = 0
configure:8147: result: yes
configure:8067: checking for strrchr
configure:8123: gcc -o conftest -g -O2   conftest.c  >&5
conftest.c:100: warning: conflicting types for built-in function 'strrchr'
configure:8129: $? = 0
configure:8147: result: yes
configure:8067: checking for strspn
configure:8123: gcc -o conftest -g -O2   conftest.c  >&5
conftest.c:101: warning: conflicting types for built-in function 'strspn'
configure:8129: $? = 0
configure:8147: result: yes
configure:8067: checking for strstr
configure:8123: gcc -o conftest -g -O2   conftest.c  >&5
conftest.c:102: warning: conflicting types for built-in function 'strstr'
configure:8129: $? = 0
configure:8147: result: yes
configure:8067: checking for strtol
configure:8123: gcc -o conftest -g -O2   conftest.c  >&5
configure:8129: $? = 0
configure:8147: result: yes
configure:8067: checking for tzset
configure:8123: gcc -o conftest -g -O2   conftest.c  >&5
configure:8129: $? = 0
configure:8147: result: yes
configure:8274: creating ./config.status

## ---------------- ##
## Cache variables. ##
## ---------------- ##

ac_cv_c_compiler_gnu=yes
ac_cv_c_const=yes
ac_cv_env_CC_set=
ac_cv_env_CC_value=
ac_cv_env_CFLAGS_set=
ac_cv_env_CFLAGS_value=
ac_cv_env_CPPFLAGS_set=
ac_cv_env_CPPFLAGS_value=
ac_cv_env_CPP_set=
ac_cv_env_CPP_value=
ac_cv_env_LDFLAGS_set=
ac_cv_env_LDFLAGS_value=
ac_cv_env_LIBS_set=
ac_cv_env_LIBS_value=
ac_cv_env_build_alias_set=
ac_cv_env_build_alias_value=
ac_cv_env_host_alias_set=
ac_cv_env_host_alias_value=
ac_cv_env_target_alias_set=
ac_cv_env_target_alias_value=
ac_cv_func__doprnt=no
ac_cv_func_alarm=yes
ac_cv_func_alloca_works=yes
ac_cv_func_bzero=yes
ac_cv_func_closedir_void=no
ac_cv_func_dup2=yes
ac_cv_func_fork=yes
ac_cv_func_fork_works=yes
ac_cv_func_gethostbyname=yes
ac_cv_func_gettimeofday=yes
ac_cv_func_localtime_r=yes
ac_cv_func_lstat_dereferences_slashed_symlink=no
ac_cv_func_malloc_0_nonnull=yes
ac_cv_func_memchr=yes
ac_cv_func_memmove=yes
ac_cv_func_memset=yes
ac_cv_func_mkdir=yes
ac_cv_func_putenv=yes
ac_cv_func_re_comp=no
ac_cv_func_realloc_0_nonnull=yes
ac_cv_func_regcomp=yes
ac_cv_func_rmdir=yes
ac_cv_func_select=yes
ac_cv_func_select_args='int,fd_set *,struct timeval *'
ac_cv_func_socket=yes
ac_cv_func_stat_empty_string_bug=no
ac_cv_func_strchr=yes
ac_cv_func_strdup=yes
ac_cv_func_strerror=yes
ac_cv_func_strftime=yes
ac_cv_func_strncasecmp=yes
ac_cv_func_strpbrk=yes
ac_cv_func_strrchr=yes
ac_cv_func_strspn=yes
ac_cv_func_strstr=yes
ac_cv_func_strtol=yes
ac_cv_func_tzset=yes
ac_cv_func_vfork=yes
ac_cv_func_vfork_works=yes
ac_cv_func_vprintf=yes
ac_cv_func_wait3_rusage=yes
ac_cv_func_working_mktime=no
ac_cv_header_dirent_dirent_h=yes
ac_cv_header_fcntl_h=yes
ac_cv_header_inttypes_h=yes
ac_cv_header_libintl_h=no
ac_cv_header_limits_h=yes
ac_cv_header_memory_h=yes
ac_cv_header_netdb_h=yes
ac_cv_header_netinet_in_h=yes
ac_cv_header_stdbool_h=yes
ac_cv_header_stdc=yes
ac_cv_header_stddef_h=yes
ac_cv_header_stdint_h=yes
ac_cv_header_stdlib_h=yes
ac_cv_header_string_h=yes
ac_cv_header_strings_h=yes
ac_cv_header_sys_select_h=yes
ac_cv_header_sys_socket_h=yes
ac_cv_header_sys_stat_h=yes
ac_cv_header_sys_time_h=yes
ac_cv_header_sys_types_h=yes
ac_cv_header_sys_wait_h=yes
ac_cv_header_time=yes
ac_cv_header_unistd_h=yes
ac_cv_header_vfork_h=no
ac_cv_objext=o
ac_cv_path_EGREP='/usr/bin/grep -E'
ac_cv_path_GREP=/usr/bin/grep
ac_cv_path_install='/usr/bin/install -c'
ac_cv_prog_AWK=awk
ac_cv_prog_CPP='gcc -E'
ac_cv_prog_ac_ct_CC=gcc
ac_cv_prog_ac_ct_RANLIB=ranlib
ac_cv_prog_cc_c89=
ac_cv_prog_cc_g=yes
ac_cv_prog_make_make_set=yes
ac_cv_search_opendir='none required'
ac_cv_struct_tm=time.h
ac_cv_type__Bool=yes
ac_cv_type_mode_t=yes
ac_cv_type_pid_t=yes
ac_cv_type_size_t=yes
ac_cv_working_alloca_h=yes
am_cv_CC_dependencies_compiler_type=gcc3

## ----------------- ##
## Output variables. ##
## ----------------- ##

ACLOCAL='${SHELL} /Users/uda/Projects/magro/trunk/missing --run aclocal-1.10'
ALLOCA=''
AMDEPBACKSLASH='\'
AMDEP_FALSE='#'
AMDEP_TRUE=''
AMTAR='${SHELL} /Users/uda/Projects/magro/trunk/missing --run tar'
AUTOCONF='${SHELL} /Users/uda/Projects/magro/trunk/missing --run autoconf'
AUTOHEADER='${SHELL} /Users/uda/Projects/magro/trunk/missing --run autoheader'
AUTOMAKE='${SHELL} /Users/uda/Projects/magro/trunk/missing --run automake-1.10'
AWK='awk'
CC='gcc'
CCDEPMODE='depmode=gcc3'
CFLAGS='-g -O2'
CPP='gcc -E'
CPPFLAGS=''
CYGPATH_W='echo'
DEFS='-DHAVE_CONFIG_H'
DEPDIR='.deps'
ECHO_C='ECHO_N=''
ECHO_T=''
EGREP='/usr/bin/grep -E'
EXEEXT=''
GREP='/usr/bin/grep'
INSTALL_DATA='${INSTALL} -m 644'
INSTALL_PROGRAM='${INSTALL}'
INSTALL_SCRIPT='${INSTALL}'
INSTALL_STRIP_PROGRAM='$(install_sh) -c -s'
LDFLAGS=''
LIBOBJS=' ${LIBOBJDIR}mktime$U.o ${LIBOBJDIR}lstat$U.o'
LIBS=''
LTLIBOBJS=' ${LIBOBJDIR}mktime$U.lo ${LIBOBJDIR}lstat$U.lo'
MAKEINFO='${SHELL} /Users/uda/Projects/magro/trunk/missing --run makeinfo'
OBJEXT='o'
PACKAGE='clearsilver'
PACKAGE_BUGREPORT='BUG-REPORT-ADDRESS'
PACKAGE_NAME='FULL-PACKAGE-NAME'
PACKAGE_STRING='FULL-PACKAGE-NAME VERSION'
PACKAGE_TARNAME='full-package-name'
PACKAGE_VERSION='VERSION'
PATH_SEPARATOR=':'
RANLIB='ranlib'
SET_MAKE=''
SHELL='/bin/sh'
STRIP=''
VERSION='0.1.0'
ac_ct_CC='gcc'
am__fastdepCC_FALSE='#'
am__fastdepCC_TRUE=''
am__include='include'
am__isrc=''
am__leading_dot='.'
am__quote=''
am__tar='${AMTAR} chof - "$$tardir"'
am__untar='${AMTAR} xf -'
bindir='${exec_prefix}/bin'
build_alias=''
datadir='${datarootdir}'
datarootdir='${prefix}/share'
docdir='${datarootdir}/doc/${PACKAGE_TARNAME}'
dvidir='${docdir}'
exec_prefix='${prefix}'
host_alias=''
htmldir='${docdir}'
includedir='${prefix}/include'
infodir='${datarootdir}/info'
install_sh='$(SHELL) /Users/uda/Projects/magro/trunk/install-sh'
libdir='${exec_prefix}/lib'
libexecdir='${exec_prefix}/libexec'
localedir='${datarootdir}/locale'
localstatedir='${prefix}/var'
mandir='${datarootdir}/man'
mkdir_p='$(top_builddir)/./../../install-sh -c -d'
oldincludedir='/usr/include'
pdfdir='${docdir}'
prefix='/usr/local'
program_transform_name='s,x,x,'
psdir='${docdir}'
sbindir='${exec_prefix}/sbin'
sharedstatedir='${prefix}/com'
sysconfdir='${prefix}/etc'
target_alias=''

## ----------- ##
## confdefs.h. ##
## ----------- ##

#define PACKAGE_NAME "FULL-PACKAGE-NAME"
#define PACKAGE_TARNAME "full-package-name"
#define PACKAGE_VERSION "VERSION"
#define PACKAGE_STRING "FULL-PACKAGE-NAME VERSION"
#define PACKAGE_BUGREPORT "BUG-REPORT-ADDRESS"
#define PACKAGE "clearsilver"
#define VERSION "0.1.0"
#define STDC_HEADERS 1
#define HAVE_SYS_TYPES_H 1
#define HAVE_SYS_STAT_H 1
#define HAVE_STDLIB_H 1
#define HAVE_STRING_H 1
#define HAVE_MEMORY_H 1
#define HAVE_STRINGS_H 1
#define HAVE_INTTYPES_H 1
#define HAVE_STDINT_H 1
#define HAVE_UNISTD_H 1
#define HAVE_ALLOCA_H 1
#define HAVE_ALLOCA 1
#define HAVE_DIRENT_H 1
#define STDC_HEADERS 1
#define HAVE_SYS_WAIT_H 1
#define HAVE_FCNTL_H 1
#define HAVE_LIMITS_H 1
#define HAVE_NETDB_H 1
#define HAVE_NETINET_IN_H 1
#define HAVE_STDDEF_H 1
#define HAVE_STDLIB_H 1
#define HAVE_STRING_H 1
#define HAVE_STRINGS_H 1
#define HAVE_SYS_SOCKET_H 1
#define HAVE_SYS_TIME_H 1
#define HAVE_UNISTD_H 1
#define HAVE__BOOL 1
#define HAVE_STDBOOL_H 1
#define TIME_WITH_SYS_TIME 1
#define HAVE_FORK 1
#define HAVE_VFORK 1
#define HAVE_WORKING_VFORK 1
#define HAVE_WORKING_FORK 1
#define HAVE_STDLIB_H 1
#define HAVE_MALLOC 1
#define HAVE_SYS_TIME_H 1
#define HAVE_UNISTD_H 1
#define HAVE_ALARM 1
#define HAVE_STDLIB_H 1
#define HAVE_REALLOC 1
#define HAVE_SYS_SELECT_H 1
#define HAVE_SYS_SOCKET_H 1
#define SELECT_TYPE_ARG1 int
#define SELECT_TYPE_ARG234 (fd_set *)
#define SELECT_TYPE_ARG5 (struct timeval *)
#define HAVE_STRFTIME 1
#define HAVE_VPRINTF 1
#define HAVE_WAIT3 1
#define HAVE_BZERO 1
#define HAVE_DUP2 1
#define HAVE_GETHOSTBYNAME 1
#define HAVE_GETTIMEOFDAY 1
#define HAVE_LOCALTIME_R 1
#define HAVE_MEMCHR 1
#define HAVE_MEMMOVE 1
#define HAVE_MEMSET 1
#define HAVE_MKDIR 1
#define HAVE_PUTENV 1
#define HAVE_REGCOMP 1
#define HAVE_RMDIR 1
#define HAVE_SELECT 1
#define HAVE_SOCKET 1
#define HAVE_STRCHR 1
#define HAVE_STRDUP 1
#define HAVE_STRERROR 1
#define HAVE_STRNCASECMP 1
#define HAVE_STRPBRK 1
#define HAVE_STRRCHR 1
#define HAVE_STRSPN 1
#define HAVE_STRSTR 1
#define HAVE_STRTOL 1
#define HAVE_TZSET 1

configure: exit 0

## ---------------------- ##
## Running config.status. ##
## ---------------------- ##

This file was extended by FULL-PACKAGE-NAME config.status VERSION, which was
generated by GNU Autoconf 2.61.  Invocation command line was

  CONFIG_FILES    = 
  CONFIG_HEADERS  = 
  CONFIG_LINKS    = 
  CONFIG_COMMANDS = 
  $ ./config.status 

on localhost

config.status:637: creating Makefile
config.status:637: creating cs_config.h
config.status:933: cs_config.h is unchanged
config.status:979: executing depfiles commands

## ---------------------- ##
## Running config.status. ##
## ---------------------- ##

This file was extended by FULL-PACKAGE-NAME config.status VERSION, which was
generated by GNU Autoconf 2.61.  Invocation command line was

  CONFIG_FILES    = 
  CONFIG_HEADERS  = 
  CONFIG_LINKS    = 
  CONFIG_COMMANDS = 
  $ ./config.status cs_config.h

on localhost

config.status:637: creating cs_config.h
config.status:933: cs_config.h is unchanged

## ---------------------- ##
## Running config.status. ##
## ---------------------- ##

This file was extended by FULL-PACKAGE-NAME config.status VERSION, which was
generated by GNU Autoconf 2.61.  Invocation command line was

  CONFIG_FILES    = 
  CONFIG_HEADERS  = 
  CONFIG_LINKS    = 
  CONFIG_COMMANDS = 
  $ ./config.status Makefile depfiles

on localhost

config.status:637: creating Makefile
config.status:979: executing depfiles commands
