This file contains any messages produced by compilers while
running configure, to aid debugging if configure makes a mistake.

It was created by FULL-PACKAGE-NAME configure VERSION, which was
generated by GNU Autoconf 2.61.  Invocation command line was

  $ ./configure --prefix=/usr/local CFLAGS=-I/opt/local/include -I/usr/local/include/ClearSilver LDFLAGS=-L/opt/local/lib --cache-file=/dev/null --srcdir=.

## --------- ##
## Platform. ##
## --------- ##

hostname = localhost
uname -m = i386
uname -r = 10.2.0
uname -s = Darwin
uname -v = Darwin Kernel Version 10.2.0: Tue Nov  3 10:37:10 PST 2009; root:xnu-1486.2.11~1/RELEASE_I386

/usr/bin/uname -p = i386
/bin/uname -X     = unknown

/bin/arch              = unknown
/usr/bin/arch -k       = unknown
/usr/convex/getsysinfo = unknown
/usr/bin/hostinfo      = Mach kernel version:
	 Darwin Kernel Version 10.2.0: Tue Nov  3 10:37:10 PST 2009; root:xnu-1486.2.11~1/RELEASE_I386
Kernel configured for up to 2 processors.
2 processors are physically available.
2 processors are logically available.
Processor type: i486 (Intel 80486)
Processors active: 0 1
Primary memory available: 8.00 gigabytes
Default processor set: 98 tasks, 420 threads, 2 processors
Load average: 2.85, Mach factor: 0.53
/bin/machine           = unknown
/usr/bin/oslevel       = unknown
/bin/universe          = unknown

PATH: /opt/local/bin
PATH: /opt/local/sbin
PATH: /usr/local/cuda/bin
PATH: /usr/local/bin
PATH: /usr/local/lib
PATH: /usr/bin
PATH: /bin
PATH: /usr/sbin
PATH: /sbin
PATH: /usr/local/bin
PATH: /usr/local/git/bin
PATH: /usr/X11/bin


## ----------- ##
## Core tests. ##
## ----------- ##

configure:1774: checking for a BSD-compatible install
configure:1830: result: /usr/bin/install -c
configure:1841: checking whether build environment is sane
configure:1884: result: yes
configure:1912: checking for a thread-safe mkdir -p
configure:1951: result: ./../install-sh -c -d
configure:1964: checking for gawk
configure:1994: result: no
configure:1964: checking for mawk
configure:1994: result: no
configure:1964: checking for nawk
configure:1994: result: no
configure:1964: checking for awk
configure:1980: found /usr/bin/awk
configure:1991: result: awk
configure:2002: checking whether make sets $(MAKE)
configure:2023: result: yes
configure:2255: checking for gcc
configure:2271: found /usr/bin/gcc
configure:2282: result: gcc
configure:2520: checking for C compiler version
configure:2527: gcc --version >&5
i686-apple-darwin10-gcc-4.2.1 (GCC) 4.2.1 (Apple Inc. build 5646) (dot 1)
Copyright (C) 2007 Free Software Foundation, Inc.
This is free software; see the source for copying conditions.  There is NO
warranty; not even for MERCHANTABILITY or FITNESS FOR A PARTICULAR PURPOSE.

configure:2530: $? = 0
configure:2537: gcc -v >&5
Using built-in specs.
Target: i686-apple-darwin10
Configured with: /var/tmp/gcc/gcc-5646.1~2/src/configure --disable-checking --enable-werror --prefix=/usr --mandir=/share/man --enable-languages=c,objc,c++,obj-c++ --program-transform-name=/^[cg][^.-]*$/s/$/-4.2/ --with-slibdir=/usr/lib --build=i686-apple-darwin10 --with-gxx-include-dir=/include/c++/4.2.1 --program-prefix=i686-apple-darwin10- --host=x86_64-apple-darwin10 --target=i686-apple-darwin10
Thread model: posix
gcc version 4.2.1 (Apple Inc. build 5646) (dot 1)
configure:2540: $? = 0
configure:2547: gcc -V >&5
gcc-4.2: argument to `-V' is missing
configure:2550: $? = 1
configure:2573: checking for C compiler default output file name
configure:2600: gcc -I/opt/local/include -I/usr/local/include/ClearSilver  -L/opt/local/lib conftest.c  >&5
configure:2603: $? = 0
configure:2641: result: a.out
configure:2658: checking whether the C compiler works
configure:2668: ./a.out
configure:2671: $? = 0
configure:2688: result: yes
configure:2695: checking whether we are cross compiling
configure:2697: result: no
configure:2700: checking for suffix of executables
configure:2707: gcc -o conftest -I/opt/local/include -I/usr/local/include/ClearSilver  -L/opt/local/lib conftest.c  >&5
configure:2710: $? = 0
configure:2734: result: 
configure:2740: checking for suffix of object files
configure:2766: gcc -c -I/opt/local/include -I/usr/local/include/ClearSilver  conftest.c >&5
configure:2769: $? = 0
configure:2792: result: o
configure:2796: checking whether we are using the GNU C compiler
configure:2825: gcc -c -I/opt/local/include -I/usr/local/include/ClearSilver  conftest.c >&5
configure:2831: $? = 0
configure:2848: result: yes
configure:2853: checking whether gcc accepts -g
configure:2883: gcc -c -g  conftest.c >&5
configure:2889: $? = 0
configure:2988: result: yes
configure:3005: checking for gcc option to accept ISO C89
configure:3079: gcc  -c -I/opt/local/include -I/usr/local/include/ClearSilver  conftest.c >&5
configure:3085: $? = 0
configure:3108: result: none needed
configure:3137: checking for style of include used by make
configure:3165: result: GNU
configure:3190: checking dependency style of gcc
configure:3281: result: gcc3
configure:3339: checking for ranlib
configure:3355: found /usr/bin/ranlib
configure:3366: result: ranlib
configure:3399: checking for GC_malloc in -lgc
configure:3434: gcc -o conftest -I/opt/local/include -I/usr/local/include/ClearSilver  -L/opt/local/lib conftest.c -lgc   >&5
configure:3440: $? = 0
configure:3458: result: yes
configure:3481: checking how to run the C preprocessor
configure:3521: gcc -E  conftest.c
configure:3527: $? = 0
configure:3558: gcc -E  conftest.c
conftest.c:8:28: error: ac_nonexistent.h: No such file or directory
configure:3564: $? = 1
configure: failed program was:
| /* confdefs.h.  */
| #define PACKAGE_NAME "FULL-PACKAGE-NAME"
| #define PACKAGE_TARNAME "full-package-name"
| #define PACKAGE_VERSION "VERSION"
| #define PACKAGE_STRING "FULL-PACKAGE-NAME VERSION"
| #define PACKAGE_BUGREPORT "BUG-REPORT-ADDRESS"
| /* end confdefs.h.  */
| #include <ac_nonexistent.h>
configure:3597: result: gcc -E
configure:3626: gcc -E  conftest.c
configure:3632: $? = 0
configure:3663: gcc -E  conftest.c
conftest.c:8:28: error: ac_nonexistent.h: No such file or directory
configure:3669: $? = 1
configure: failed program was:
| /* confdefs.h.  */
| #define PACKAGE_NAME "FULL-PACKAGE-NAME"
| #define PACKAGE_TARNAME "full-package-name"
| #define PACKAGE_VERSION "VERSION"
| #define PACKAGE_STRING "FULL-PACKAGE-NAME VERSION"
| #define PACKAGE_BUGREPORT "BUG-REPORT-ADDRESS"
| /* end confdefs.h.  */
| #include <ac_nonexistent.h>
configure:3707: checking for grep that handles long lines and -e
configure:3781: result: /usr/bin/grep
configure:3786: checking for egrep
configure:3864: result: /usr/bin/grep -E
configure:3869: checking for ANSI C header files
configure:3899: gcc -c -I/opt/local/include -I/usr/local/include/ClearSilver  conftest.c >&5
configure:3905: $? = 0
configure:4004: gcc -o conftest -I/opt/local/include -I/usr/local/include/ClearSilver  -L/opt/local/lib conftest.c  >&5
configure:4007: $? = 0
configure:4013: ./conftest
configure:4016: $? = 0
configure:4033: result: yes
configure:4057: checking for sys/types.h
configure:4078: gcc -c -I/opt/local/include -I/usr/local/include/ClearSilver  conftest.c >&5
configure:4084: $? = 0
configure:4100: result: yes
configure:4057: checking for sys/stat.h
configure:4078: gcc -c -I/opt/local/include -I/usr/local/include/ClearSilver  conftest.c >&5
configure:4084: $? = 0
configure:4100: result: yes
configure:4057: checking for stdlib.h
configure:4078: gcc -c -I/opt/local/include -I/usr/local/include/ClearSilver  conftest.c >&5
configure:4084: $? = 0
configure:4100: result: yes
configure:4057: checking for string.h
configure:4078: gcc -c -I/opt/local/include -I/usr/local/include/ClearSilver  conftest.c >&5
configure:4084: $? = 0
configure:4100: result: yes
configure:4057: checking for memory.h
configure:4078: gcc -c -I/opt/local/include -I/usr/local/include/ClearSilver  conftest.c >&5
configure:4084: $? = 0
configure:4100: result: yes
configure:4057: checking for strings.h
configure:4078: gcc -c -I/opt/local/include -I/usr/local/include/ClearSilver  conftest.c >&5
configure:4084: $? = 0
configure:4100: result: yes
configure:4057: checking for inttypes.h
configure:4078: gcc -c -I/opt/local/include -I/usr/local/include/ClearSilver  conftest.c >&5
configure:4084: $? = 0
configure:4100: result: yes
configure:4057: checking for stdint.h
configure:4078: gcc -c -I/opt/local/include -I/usr/local/include/ClearSilver  conftest.c >&5
configure:4084: $? = 0
configure:4100: result: yes
configure:4057: checking for unistd.h
configure:4078: gcc -c -I/opt/local/include -I/usr/local/include/ClearSilver  conftest.c >&5
configure:4084: $? = 0
configure:4100: result: yes
configure:4118: checking for stdlib.h
configure:4124: result: yes
configure:4118: checking for string.h
configure:4124: result: yes
configure:4273: checking gc.h usability
configure:4290: gcc -c -I/opt/local/include -I/usr/local/include/ClearSilver  conftest.c >&5
configure:4296: $? = 0
configure:4310: result: yes
configure:4314: checking gc.h presence
configure:4329: gcc -E  conftest.c
conftest.c:20:16: error: gc.h: No such file or directory
configure:4335: $? = 1
configure: failed program was:
| /* confdefs.h.  */
| #define PACKAGE_NAME "FULL-PACKAGE-NAME"
| #define PACKAGE_TARNAME "full-package-name"
| #define PACKAGE_VERSION "VERSION"
| #define PACKAGE_STRING "FULL-PACKAGE-NAME VERSION"
| #define PACKAGE_BUGREPORT "BUG-REPORT-ADDRESS"
| #define STDC_HEADERS 1
| #define HAVE_SYS_TYPES_H 1
| #define HAVE_SYS_STAT_H 1
| #define HAVE_STDLIB_H 1
| #define HAVE_STRING_H 1
| #define HAVE_MEMORY_H 1
| #define HAVE_STRINGS_H 1
| #define HAVE_INTTYPES_H 1
| #define HAVE_STDINT_H 1
| #define HAVE_UNISTD_H 1
| #define HAVE_STDLIB_H 1
| #define HAVE_STRING_H 1
| /* end confdefs.h.  */
| #include <gc.h>
configure:4349: result: no
configure:4355: WARNING: gc.h: accepted by the compiler, rejected by the preprocessor!
configure:4357: WARNING: gc.h: proceeding with the compiler's result
configure:4382: checking for gc.h
configure:4390: result: yes
configure:4412: checking for an ANSI C-conforming const
configure:4487: gcc -c -I/opt/local/include -I/usr/local/include/ClearSilver  conftest.c >&5
configure:4493: $? = 0
configure:4508: result: yes
configure:4637: creating ./config.status

## ---------------------- ##
## Running config.status. ##
## ---------------------- ##

This file was extended by FULL-PACKAGE-NAME config.status VERSION, which was
generated by GNU Autoconf 2.61.  Invocation command line was

  CONFIG_FILES    = 
  CONFIG_HEADERS  = 
  CONFIG_LINKS    = 
  CONFIG_COMMANDS = 
  $ ./config.status 

on localhost

config.status:636: creating Makefile
config.status:636: creating config.h
config.status:863: config.h is unchanged
config.status:909: executing depfiles commands

## ---------------- ##
## Cache variables. ##
## ---------------- ##

ac_cv_c_compiler_gnu=yes
ac_cv_c_const=yes
ac_cv_env_CC_set=
ac_cv_env_CC_value=
ac_cv_env_CFLAGS_set=set
ac_cv_env_CFLAGS_value='-I/opt/local/include -I/usr/local/include/ClearSilver'
ac_cv_env_CPPFLAGS_set=
ac_cv_env_CPPFLAGS_value=
ac_cv_env_CPP_set=
ac_cv_env_CPP_value=
ac_cv_env_LDFLAGS_set=set
ac_cv_env_LDFLAGS_value=-L/opt/local/lib
ac_cv_env_LIBS_set=
ac_cv_env_LIBS_value=
ac_cv_env_build_alias_set=
ac_cv_env_build_alias_value=
ac_cv_env_host_alias_set=
ac_cv_env_host_alias_value=
ac_cv_env_target_alias_set=
ac_cv_env_target_alias_value=
ac_cv_header_gc_h=yes
ac_cv_header_inttypes_h=yes
ac_cv_header_memory_h=yes
ac_cv_header_stdc=yes
ac_cv_header_stdint_h=yes
ac_cv_header_stdlib_h=yes
ac_cv_header_string_h=yes
ac_cv_header_strings_h=yes
ac_cv_header_sys_stat_h=yes
ac_cv_header_sys_types_h=yes
ac_cv_header_unistd_h=yes
ac_cv_lib_gc_GC_malloc=yes
ac_cv_objext=o
ac_cv_path_EGREP='/usr/bin/grep -E'
ac_cv_path_GREP=/usr/bin/grep
ac_cv_path_install='/usr/bin/install -c'
ac_cv_prog_AWK=awk
ac_cv_prog_CPP='gcc -E'
ac_cv_prog_ac_ct_CC=gcc
ac_cv_prog_ac_ct_RANLIB=ranlib
ac_cv_prog_cc_c89=
ac_cv_prog_cc_g=yes
ac_cv_prog_make_make_set=yes
am_cv_CC_dependencies_compiler_type=gcc3

## ----------------- ##
## Output variables. ##
## ----------------- ##

ACLOCAL='${SHELL} /Users/uda/Desktop/magro-0.1/missing --run aclocal-1.10'
AMDEPBACKSLASH='\'
AMDEP_FALSE='#'
AMDEP_TRUE=''
AMTAR='${SHELL} /Users/uda/Desktop/magro-0.1/missing --run tar'
AUTOCONF='${SHELL} /Users/uda/Desktop/magro-0.1/missing --run autoconf'
AUTOHEADER='${SHELL} /Users/uda/Desktop/magro-0.1/missing --run autoheader'
AUTOMAKE='${SHELL} /Users/uda/Desktop/magro-0.1/missing --run automake-1.10'
AWK='awk'
CC='gcc'
CCDEPMODE='depmode=gcc3'
CFLAGS='-I/opt/local/include -I/usr/local/include/ClearSilver'
CPP='gcc -E'
CPPFLAGS=''
CYGPATH_W='echo'
DEFS='-DHAVE_CONFIG_H'
DEPDIR='.deps'
ECHO_C='ECHO_N=''
ECHO_T=''
EGREP='/usr/bin/grep -E'
EXEEXT=''
GREP='/usr/bin/grep'
INSTALL_DATA='${INSTALL} -m 644'
INSTALL_PROGRAM='${INSTALL}'
INSTALL_SCRIPT='${INSTALL}'
INSTALL_STRIP_PROGRAM='$(install_sh) -c -s'
LDFLAGS='-L/opt/local/lib'
LIBOBJS=''
LIBS=''
LTLIBOBJS=''
MAKEINFO='${SHELL} /Users/uda/Desktop/magro-0.1/missing --run makeinfo'
OBJEXT='o'
PACKAGE='NAME'
PACKAGE_BUGREPORT='BUG-REPORT-ADDRESS'
PACKAGE_NAME='FULL-PACKAGE-NAME'
PACKAGE_STRING='FULL-PACKAGE-NAME VERSION'
PACKAGE_TARNAME='full-package-name'
PACKAGE_VERSION='VERSION'
PATH_SEPARATOR=':'
RANLIB='ranlib'
SET_MAKE=''
SHELL='/bin/sh'
STRIP=''
VERSION='VERSION'
ac_ct_CC='gcc'
am__fastdepCC_FALSE='#'
am__fastdepCC_TRUE=''
am__include='include'
am__isrc=''
am__leading_dot='.'
am__quote=''
am__tar='${AMTAR} chof - "$$tardir"'
am__untar='${AMTAR} xf -'
bindir='${exec_prefix}/bin'
build_alias=''
datadir='${datarootdir}'
datarootdir='${prefix}/share'
docdir='${datarootdir}/doc/${PACKAGE_TARNAME}'
dvidir='${docdir}'
exec_prefix='${prefix}'
host_alias=''
htmldir='${docdir}'
includedir='${prefix}/include'
infodir='${datarootdir}/info'
install_sh='$(SHELL) /Users/uda/Desktop/magro-0.1/install-sh'
libdir='${exec_prefix}/lib'
libexecdir='${exec_prefix}/libexec'
localedir='${datarootdir}/locale'
localstatedir='${prefix}/var'
mandir='${datarootdir}/man'
mkdir_p='$(top_builddir)/./../install-sh -c -d'
oldincludedir='/usr/include'
pdfdir='${docdir}'
prefix='/usr/local'
program_transform_name='s,x,x,'
psdir='${docdir}'
sbindir='${exec_prefix}/sbin'
sharedstatedir='${prefix}/com'
sysconfdir='${prefix}/etc'
target_alias=''

## ----------- ##
## confdefs.h. ##
## ----------- ##

#define PACKAGE_NAME "FULL-PACKAGE-NAME"
#define PACKAGE_TARNAME "full-package-name"
#define PACKAGE_VERSION "VERSION"
#define PACKAGE_STRING "FULL-PACKAGE-NAME VERSION"
#define PACKAGE_BUGREPORT "BUG-REPORT-ADDRESS"
#define STDC_HEADERS 1
#define HAVE_SYS_TYPES_H 1
#define HAVE_SYS_STAT_H 1
#define HAVE_STDLIB_H 1
#define HAVE_STRING_H 1
#define HAVE_MEMORY_H 1
#define HAVE_STRINGS_H 1
#define HAVE_INTTYPES_H 1
#define HAVE_STDINT_H 1
#define HAVE_UNISTD_H 1
#define HAVE_STDLIB_H 1
#define HAVE_STRING_H 1
#define HAVE_GC_H 1

configure: exit 0
